have_func: checking for mmap() in sys/mman.h... -------------------- yes

"gcc -o conftest -I/Users/susan/.rvm/rubies/ruby-2.2.1/include/ruby-2.2.0/x86_64-darwin14 -I/Users/susan/.rvm/rubies/ruby-2.2.1/include/ruby-2.2.0/ruby/backward -I/Users/susan/.rvm/rubies/ruby-2.2.1/include/ruby-2.2.0 -I. -D_XOPEN_SOURCE -D_DARWIN_C_SOURCE -D_DARWIN_UNLIMITED_SELECT -D_REENTRANT   -O3 -I/Users/haven/.sm/pkg/active/include -fPIC -mmacosx-version-min=10.7 -pipe conftest.c  -L. -L/Users/susan/.rvm/rubies/ruby-2.2.1/lib -L. -L/Users/haven/.sm/pkg/active/lib -fPIC -Bstatic -lz -fstack-protector   -arch x86_64   -lruby-static -framework CoreFoundation  -lpthread -ldl -lobjc "
ld: warning: directory not found for option '-L/Users/haven/.sm/pkg/active/lib'
checked program was:
/* begin */
1: #include "ruby.h"
2: 
3: int main(int argc, char **argv)
4: {
5:   return 0;
6: }
/* end */

"gcc -o conftest -I/Users/susan/.rvm/rubies/ruby-2.2.1/include/ruby-2.2.0/x86_64-darwin14 -I/Users/susan/.rvm/rubies/ruby-2.2.1/include/ruby-2.2.0/ruby/backward -I/Users/susan/.rvm/rubies/ruby-2.2.1/include/ruby-2.2.0 -I. -D_XOPEN_SOURCE -D_DARWIN_C_SOURCE -D_DARWIN_UNLIMITED_SELECT -D_REENTRANT   -O3 -I/Users/haven/.sm/pkg/active/include -fPIC -mmacosx-version-min=10.7 -pipe conftest.c  -L. -L/Users/susan/.rvm/rubies/ruby-2.2.1/lib -L. -L/Users/haven/.sm/pkg/active/lib -fPIC -Bstatic -lz -fstack-protector   -arch x86_64   -lruby-static -framework CoreFoundation  -lpthread -ldl -lobjc "
ld: warning: directory not found for option '-L/Users/haven/.sm/pkg/active/lib'
checked program was:
/* begin */
 1: #include "ruby.h"
 2: 
 3: #include <sys/mman.h>
 4: 
 5: /*top*/
 6: extern int t(void);
 7: int main(int argc, char **argv)
 8: {
 9:   if (argc > 1000000) {
10:     printf("%p", &t);
11:   }
12: 
13:   return 0;
14: }
15: int t(void) { void ((*volatile p)()); p = (void ((*)()))mmap; return 0; }
/* end */

--------------------

have_func: checking for munmap() in sys/mman.h... -------------------- yes

"gcc -o conftest -I/Users/susan/.rvm/rubies/ruby-2.2.1/include/ruby-2.2.0/x86_64-darwin14 -I/Users/susan/.rvm/rubies/ruby-2.2.1/include/ruby-2.2.0/ruby/backward -I/Users/susan/.rvm/rubies/ruby-2.2.1/include/ruby-2.2.0 -I. -D_XOPEN_SOURCE -D_DARWIN_C_SOURCE -D_DARWIN_UNLIMITED_SELECT -D_REENTRANT   -O3 -I/Users/haven/.sm/pkg/active/include -fPIC -mmacosx-version-min=10.7 -pipe conftest.c  -L. -L/Users/susan/.rvm/rubies/ruby-2.2.1/lib -L. -L/Users/haven/.sm/pkg/active/lib -fPIC -Bstatic -lz -fstack-protector   -arch x86_64   -lruby-static -framework CoreFoundation  -lpthread -ldl -lobjc "
ld: warning: directory not found for option '-L/Users/haven/.sm/pkg/active/lib'
checked program was:
/* begin */
 1: #include "ruby.h"
 2: 
 3: #include <sys/mman.h>
 4: 
 5: /*top*/
 6: extern int t(void);
 7: int main(int argc, char **argv)
 8: {
 9:   if (argc > 1000000) {
10:     printf("%p", &t);
11:   }
12: 
13:   return 0;
14: }
15: int t(void) { void ((*volatile p)()); p = (void ((*)()))munmap; return 0; }
/* end */

--------------------

have_func: checking for mremap() in sys/mman.h... -------------------- no

"gcc -o conftest -I/Users/susan/.rvm/rubies/ruby-2.2.1/include/ruby-2.2.0/x86_64-darwin14 -I/Users/susan/.rvm/rubies/ruby-2.2.1/include/ruby-2.2.0/ruby/backward -I/Users/susan/.rvm/rubies/ruby-2.2.1/include/ruby-2.2.0 -I. -D_XOPEN_SOURCE -D_DARWIN_C_SOURCE -D_DARWIN_UNLIMITED_SELECT -D_REENTRANT   -D_GNU_SOURCE  -O3 -I/Users/haven/.sm/pkg/active/include -fPIC -mmacosx-version-min=10.7 -pipe conftest.c  -L. -L/Users/susan/.rvm/rubies/ruby-2.2.1/lib -L. -L/Users/haven/.sm/pkg/active/lib -fPIC -Bstatic -lz -fstack-protector   -arch x86_64   -lruby-static -framework CoreFoundation  -lpthread -ldl -lobjc "
conftest.c:15:57: error: use of undeclared identifier 'mremap'
int t(void) { void ((*volatile p)()); p = (void ((*)()))mremap; return 0; }
                                                        ^
1 error generated.
checked program was:
/* begin */
 1: #include "ruby.h"
 2: 
 3: #include <sys/mman.h>
 4: 
 5: /*top*/
 6: extern int t(void);
 7: int main(int argc, char **argv)
 8: {
 9:   if (argc > 1000000) {
10:     printf("%p", &t);
11:   }
12: 
13:   return 0;
14: }
15: int t(void) { void ((*volatile p)()); p = (void ((*)()))mremap; return 0; }
/* end */

"gcc -o conftest -I/Users/susan/.rvm/rubies/ruby-2.2.1/include/ruby-2.2.0/x86_64-darwin14 -I/Users/susan/.rvm/rubies/ruby-2.2.1/include/ruby-2.2.0/ruby/backward -I/Users/susan/.rvm/rubies/ruby-2.2.1/include/ruby-2.2.0 -I. -D_XOPEN_SOURCE -D_DARWIN_C_SOURCE -D_DARWIN_UNLIMITED_SELECT -D_REENTRANT   -D_GNU_SOURCE  -O3 -I/Users/haven/.sm/pkg/active/include -fPIC -mmacosx-version-min=10.7 -pipe conftest.c  -L. -L/Users/susan/.rvm/rubies/ruby-2.2.1/lib -L. -L/Users/haven/.sm/pkg/active/lib -fPIC -Bstatic -lz -fstack-protector   -arch x86_64   -lruby-static -framework CoreFoundation  -lpthread -ldl -lobjc "
conftest.c:15:15: warning: implicit declaration of function 'mremap' is invalid in C99 [-Wimplicit-function-declaration]
int t(void) { mremap(); return 0; }
              ^
1 warning generated.
ld: warning: directory not found for option '-L/Users/haven/.sm/pkg/active/lib'
Undefined symbols for architecture x86_64:
  "_mremap", referenced from:
      _t in conftest-20529b.o
ld: symbol(s) not found for architecture x86_64
clang: error: linker command failed with exit code 1 (use -v to see invocation)
checked program was:
/* begin */
 1: #include "ruby.h"
 2: 
 3: #include <sys/mman.h>
 4: 
 5: /*top*/
 6: extern int t(void);
 7: int main(int argc, char **argv)
 8: {
 9:   if (argc > 1000000) {
10:     printf("%p", &t);
11:   }
12: 
13:   return 0;
14: }
15: int t(void) { mremap(); return 0; }
/* end */

--------------------

have_header: checking for linux/tcp.h... -------------------- no

"gcc -E -I/Users/susan/.rvm/rubies/ruby-2.2.1/include/ruby-2.2.0/x86_64-darwin14 -I/Users/susan/.rvm/rubies/ruby-2.2.1/include/ruby-2.2.0/ruby/backward -I/Users/susan/.rvm/rubies/ruby-2.2.1/include/ruby-2.2.0 -I. -D_XOPEN_SOURCE -D_DARWIN_C_SOURCE -D_DARWIN_UNLIMITED_SELECT -D_REENTRANT   -D_GNU_SOURCE  -O3 -I/Users/haven/.sm/pkg/active/include -fPIC -mmacosx-version-min=10.7 -pipe  conftest.c -o conftest.i"
conftest.c:3:10: fatal error: 'linux/tcp.h' file not found
#include <linux/tcp.h>
         ^
1 error generated.
checked program was:
/* begin */
1: #include "ruby.h"
2: 
3: #include <linux/tcp.h>
/* end */

--------------------

have_func: checking for getpagesize() in unistd.h... -------------------- yes

"gcc -o conftest -I/Users/susan/.rvm/rubies/ruby-2.2.1/include/ruby-2.2.0/x86_64-darwin14 -I/Users/susan/.rvm/rubies/ruby-2.2.1/include/ruby-2.2.0/ruby/backward -I/Users/susan/.rvm/rubies/ruby-2.2.1/include/ruby-2.2.0 -I. -D_XOPEN_SOURCE -D_DARWIN_C_SOURCE -D_DARWIN_UNLIMITED_SELECT -D_REENTRANT   -D_GNU_SOURCE  -D_BSD_SOURCE  -O3 -I/Users/haven/.sm/pkg/active/include -fPIC -mmacosx-version-min=10.7 -pipe conftest.c  -L. -L/Users/susan/.rvm/rubies/ruby-2.2.1/lib -L. -L/Users/haven/.sm/pkg/active/lib -fPIC -Bstatic -lz -fstack-protector   -arch x86_64   -lruby-static -framework CoreFoundation  -lpthread -ldl -lobjc "
ld: warning: directory not found for option '-L/Users/haven/.sm/pkg/active/lib'
checked program was:
/* begin */
 1: #include "ruby.h"
 2: 
 3: #include <unistd.h>
 4: 
 5: /*top*/
 6: extern int t(void);
 7: int main(int argc, char **argv)
 8: {
 9:   if (argc > 1000000) {
10:     printf("%p", &t);
11:   }
12: 
13:   return 0;
14: }
15: int t(void) { void ((*volatile p)()); p = (void ((*)()))getpagesize; return 0; }
/* end */

--------------------

have_func: checking for rb_thread_blocking_region()... -------------------- no

"gcc -o conftest -I/Users/susan/.rvm/rubies/ruby-2.2.1/include/ruby-2.2.0/x86_64-darwin14 -I/Users/susan/.rvm/rubies/ruby-2.2.1/include/ruby-2.2.0/ruby/backward -I/Users/susan/.rvm/rubies/ruby-2.2.1/include/ruby-2.2.0 -I. -D_XOPEN_SOURCE -D_DARWIN_C_SOURCE -D_DARWIN_UNLIMITED_SELECT -D_REENTRANT   -D_GNU_SOURCE  -D_BSD_SOURCE  -O3 -I/Users/haven/.sm/pkg/active/include -fPIC -mmacosx-version-min=10.7 -pipe conftest.c  -L. -L/Users/susan/.rvm/rubies/ruby-2.2.1/lib -L. -L/Users/haven/.sm/pkg/active/lib -fPIC -Bstatic -lz -fstack-protector   -arch x86_64   -lruby-static -framework CoreFoundation  -lpthread -ldl -lobjc "
conftest.c:13:57: error: use of undeclared identifier 'rb_thread_blocking_region'
int t(void) { void ((*volatile p)()); p = (void ((*)()))rb_thread_blocking_region; return 0; }
                                                        ^
1 error generated.
checked program was:
/* begin */
 1: #include "ruby.h"
 2: 
 3: /*top*/
 4: extern int t(void);
 5: int main(int argc, char **argv)
 6: {
 7:   if (argc > 1000000) {
 8:     printf("%p", &t);
 9:   }
10: 
11:   return 0;
12: }
13: int t(void) { void ((*volatile p)()); p = (void ((*)()))rb_thread_blocking_region; return 0; }
/* end */

"gcc -o conftest -I/Users/susan/.rvm/rubies/ruby-2.2.1/include/ruby-2.2.0/x86_64-darwin14 -I/Users/susan/.rvm/rubies/ruby-2.2.1/include/ruby-2.2.0/ruby/backward -I/Users/susan/.rvm/rubies/ruby-2.2.1/include/ruby-2.2.0 -I. -D_XOPEN_SOURCE -D_DARWIN_C_SOURCE -D_DARWIN_UNLIMITED_SELECT -D_REENTRANT   -D_GNU_SOURCE  -D_BSD_SOURCE  -O3 -I/Users/haven/.sm/pkg/active/include -fPIC -mmacosx-version-min=10.7 -pipe conftest.c  -L. -L/Users/susan/.rvm/rubies/ruby-2.2.1/lib -L. -L/Users/haven/.sm/pkg/active/lib -fPIC -Bstatic -lz -fstack-protector   -arch x86_64   -lruby-static -framework CoreFoundation  -lpthread -ldl -lobjc "
conftest.c:13:15: warning: implicit declaration of function 'rb_thread_blocking_region' is invalid in C99 [-Wimplicit-function-declaration]
int t(void) { rb_thread_blocking_region(); return 0; }
              ^
1 warning generated.
ld: warning: directory not found for option '-L/Users/haven/.sm/pkg/active/lib'
Undefined symbols for architecture x86_64:
  "_rb_thread_blocking_region", referenced from:
      _t in conftest-bc239d.o
ld: symbol(s) not found for architecture x86_64
clang: error: linker command failed with exit code 1 (use -v to see invocation)
checked program was:
/* begin */
 1: #include "ruby.h"
 2: 
 3: /*top*/
 4: extern int t(void);
 5: int main(int argc, char **argv)
 6: {
 7:   if (argc > 1000000) {
 8:     printf("%p", &t);
 9:   }
10: 
11:   return 0;
12: }
13: int t(void) { rb_thread_blocking_region(); return 0; }
/* end */

--------------------

have_func: checking for rb_thread_io_blocking_region()... -------------------- yes

"gcc -o conftest -I/Users/susan/.rvm/rubies/ruby-2.2.1/include/ruby-2.2.0/x86_64-darwin14 -I/Users/susan/.rvm/rubies/ruby-2.2.1/include/ruby-2.2.0/ruby/backward -I/Users/susan/.rvm/rubies/ruby-2.2.1/include/ruby-2.2.0 -I. -D_XOPEN_SOURCE -D_DARWIN_C_SOURCE -D_DARWIN_UNLIMITED_SELECT -D_REENTRANT   -D_GNU_SOURCE  -D_BSD_SOURCE  -O3 -I/Users/haven/.sm/pkg/active/include -fPIC -mmacosx-version-min=10.7 -pipe conftest.c  -L. -L/Users/susan/.rvm/rubies/ruby-2.2.1/lib -L. -L/Users/haven/.sm/pkg/active/lib -fPIC -Bstatic -lz -fstack-protector   -arch x86_64   -lruby-static -framework CoreFoundation  -lpthread -ldl -lobjc "
conftest.c:13:57: error: use of undeclared identifier 'rb_thread_io_blocking_region'
int t(void) { void ((*volatile p)()); p = (void ((*)()))rb_thread_io_blocking_region; return 0; }
                                                        ^
1 error generated.
checked program was:
/* begin */
 1: #include "ruby.h"
 2: 
 3: /*top*/
 4: extern int t(void);
 5: int main(int argc, char **argv)
 6: {
 7:   if (argc > 1000000) {
 8:     printf("%p", &t);
 9:   }
10: 
11:   return 0;
12: }
13: int t(void) { void ((*volatile p)()); p = (void ((*)()))rb_thread_io_blocking_region; return 0; }
/* end */

"gcc -o conftest -I/Users/susan/.rvm/rubies/ruby-2.2.1/include/ruby-2.2.0/x86_64-darwin14 -I/Users/susan/.rvm/rubies/ruby-2.2.1/include/ruby-2.2.0/ruby/backward -I/Users/susan/.rvm/rubies/ruby-2.2.1/include/ruby-2.2.0 -I. -D_XOPEN_SOURCE -D_DARWIN_C_SOURCE -D_DARWIN_UNLIMITED_SELECT -D_REENTRANT   -D_GNU_SOURCE  -D_BSD_SOURCE  -O3 -I/Users/haven/.sm/pkg/active/include -fPIC -mmacosx-version-min=10.7 -pipe conftest.c  -L. -L/Users/susan/.rvm/rubies/ruby-2.2.1/lib -L. -L/Users/haven/.sm/pkg/active/lib -fPIC -Bstatic -lz -fstack-protector   -arch x86_64   -lruby-static -framework CoreFoundation  -lpthread -ldl -lobjc "
conftest.c:13:15: warning: implicit declaration of function 'rb_thread_io_blocking_region' is invalid in C99 [-Wimplicit-function-declaration]
int t(void) { rb_thread_io_blocking_region(); return 0; }
              ^
1 warning generated.
ld: warning: directory not found for option '-L/Users/haven/.sm/pkg/active/lib'
checked program was:
/* begin */
 1: #include "ruby.h"
 2: 
 3: /*top*/
 4: extern int t(void);
 5: int main(int argc, char **argv)
 6: {
 7:   if (argc > 1000000) {
 8:     printf("%p", &t);
 9:   }
10: 
11:   return 0;
12: }
13: int t(void) { rb_thread_io_blocking_region(); return 0; }
/* end */

--------------------

checking for GCC 4+ atomic builtins... -------------------- yes

"gcc -o conftest -I/Users/susan/.rvm/rubies/ruby-2.2.1/include/ruby-2.2.0/x86_64-darwin14 -I/Users/susan/.rvm/rubies/ruby-2.2.1/include/ruby-2.2.0/ruby/backward -I/Users/susan/.rvm/rubies/ruby-2.2.1/include/ruby-2.2.0 -I. -D_XOPEN_SOURCE -D_DARWIN_C_SOURCE -D_DARWIN_UNLIMITED_SELECT -D_REENTRANT   -D_GNU_SOURCE  -D_BSD_SOURCE  -O3 -I/Users/haven/.sm/pkg/active/include -fPIC -mmacosx-version-min=10.7 -pipe conftest.c  -L. -L/Users/susan/.rvm/rubies/ruby-2.2.1/lib -L. -L/Users/haven/.sm/pkg/active/lib -fPIC -Bstatic -lz -fstack-protector   -arch x86_64   -lruby-static -framework CoreFoundation  -lpthread -ldl -lobjc "
ld: warning: directory not found for option '-L/Users/haven/.sm/pkg/active/lib'
checked program was:
/* begin */
 1: #include "ruby.h"
 2: 
 3: int main(int argc, char * const argv[]) {
 4:         unsigned long i = 0;
 5:         __sync_lock_test_and_set(&i, 0);
 6:         __sync_lock_test_and_set(&i, 1);
 7:         __sync_bool_compare_and_swap(&i, 0, 1);
 8:         __sync_add_and_fetch(&i, argc);
 9:         __sync_sub_and_fetch(&i, argc);
10:         return 0;
11: }
/* end */

--------------------

